<?xml version="1.0" encoding="UTF-8"?>
<!-- Generated by org.testng.reporters.JUnitReportReporter -->
<testsuite hostname="LAPTOP-QJKH35DA" failures="0" tests="1" name="Class" time="64.446" errors="0" timestamp="2024-12-26T21:11:02 IST" skipped="0">
  <testcase classname="Class" name="lunch" time="64.446"/>
</testsuite> <!-- Class -->
