<?xml version="1.0" encoding="UTF-8"?>
<!-- Generated by org.testng.reporters.JUnitReportReporter -->
<testsuite hostname="LAPTOP-QJKH35DA" failures="0" tests="2" name="TestClass.TC_MyAccount" time="22.598" errors="0" timestamp="2025-02-15T11:52:36 IST" skipped="1">
  <testcase classname="TestClass.TC_MyAccount" name="VerifyLogin" time="22.598"/>
  <testcase classname="TestClass.TC_MyAccount" name="VerifyAccountpage">
    <skipped/>
  </testcase> <!-- VerifyAccountpage -->
</testsuite> <!-- TestClass.TC_MyAccount -->
